Base path: /Applications/Unity/Unity.app/Contents
Cmd: getPlatforms
Cmd: disassembleShader
  api=1 insize=3275 outsize=3275 ok=1
Cmd: disassembleShader
  api=23 insize=1568 outsize=1568 ok=1
Cmd: disassembleShader
  api=23 insize=3380 outsize=3380 ok=1
Cmd: disassembleShader
  api=23 insize=3380 outsize=3380 ok=1
Cmd: disassembleShader
  api=6 insize=8869 outsize=8869 ok=1
Cmd: disassembleShader
  api=23 insize=3217 outsize=3217 ok=1
Cmd: compileSnippet
  api=15 type=0 insize=3083 outsize=7809 kw= pd=UNITY_ENABLE_REFLECTION_BUFFERS UNITY_PBS_USE_BRDF1 UNITY_SPECCUBE_BOX_PROJECTION UNITY_SPECCUBE_BLENDING SHADER_API_DESKTOP ok=1
Cmd: disassembleShader
  api=6 insize=7809 outsize=7809 ok=1
Cmd: disassembleShader
  api=1 insize=2167 outsize=2167 ok=1
Cmd: disassembleShader
  api=23 insize=3272 outsize=3272 ok=1
Cmd: disassembleShader
  api=6 insize=7846 outsize=7846 ok=1
Cmd: disassembleShader
  api=1 insize=2779 outsize=2779 ok=1
Cmd: disassembleShader
  api=6 insize=3898 outsize=3898 ok=1
Cmd: disassembleShader
  api=23 insize=1230 outsize=1230 ok=1
Cmd: disassembleShader
  api=6 insize=7155 outsize=7155 ok=1
Cmd: disassembleShader
  api=1 insize=553 outsize=553 ok=1
