Base path: /Applications/Unity/Unity.app/Contents
Cmd: getPlatforms
Cmd: disassembleShader
  api=1 insize=11830 outsize=11830 ok=1
Cmd: disassembleShader
  api=6 insize=12294 outsize=12294 ok=1
Cmd: disassembleShader
  api=1 insize=6867 outsize=6867 ok=1
Cmd: disassembleShader
  api=23 insize=5477 outsize=5477 ok=1
Cmd: disassembleShader
  api=6 insize=12153 outsize=12153 ok=1
Cmd: disassembleShader
  api=1 insize=6808 outsize=6808 ok=1
Cmd: disassembleShader
  api=23 insize=5715 outsize=5715 ok=1
Cmd: disassembleShader
  api=6 insize=12762 outsize=12762 ok=1
Cmd: disassembleShader
  api=1 insize=7732 outsize=7732 ok=1
Cmd: disassembleShader
  api=23 insize=5651 outsize=5651 ok=1
Cmd: disassembleShader
  api=6 insize=13645 outsize=13645 ok=1
Cmd: disassembleShader
  api=1 insize=6495 outsize=6495 ok=1
Cmd: disassembleShader
  api=23 insize=5473 outsize=5473 ok=1
Cmd: disassembleShader
  api=6 insize=12555 outsize=12555 ok=1
Cmd: disassembleShader
  api=1 insize=7402 outsize=7402 ok=1
Cmd: disassembleShader
  api=23 insize=5567 outsize=5567 ok=1
Cmd: disassembleShader
  api=6 insize=12692 outsize=12692 ok=1
Cmd: disassembleShader
  api=1 insize=7712 outsize=7712 ok=1
Cmd: disassembleShader
  api=23 insize=5645 outsize=5645 ok=1
Cmd: disassembleShader
  api=6 insize=13609 outsize=13609 ok=1
Cmd: disassembleShader
  api=23 insize=2452 outsize=2452 ok=1
Cmd: disassembleShader
  api=6 insize=6451 outsize=6451 ok=1
Cmd: disassembleShader
  api=1 insize=909 outsize=909 ok=1
Cmd: disassembleShader
  api=23 insize=3749 outsize=3749 ok=1
Cmd: disassembleShader
  api=6 insize=10322 outsize=10322 ok=1
Cmd: disassembleShader
  api=1 insize=6143 outsize=6143 ok=1
Cmd: disassembleShader
  api=23 insize=5989 outsize=5989 ok=1
Cmd: disassembleShader
  api=6 insize=10784 outsize=10784 ok=1
Cmd: disassembleShader
  api=1 insize=5103 outsize=5103 ok=1
Cmd: disassembleShader
  api=23 insize=5989 outsize=5989 ok=1
Cmd: disassembleShader
  api=6 insize=10754 outsize=10754 ok=1
Cmd: disassembleShader
  api=1 insize=6134 outsize=6134 ok=1
Cmd: compileSnippet
  api=14 type=0 insize=530 outsize=2106 kw= pd=UNITY_ENABLE_REFLECTION_BUFFERS UNITY_PBS_USE_BRDF1 UNITY_SPECCUBE_BOX_PROJECTION UNITY_SPECCUBE_BLENDING SHADER_API_DESKTOP ok=1
Cmd: disassembleShader
  api=23 insize=2106 outsize=2106 ok=1
Cmd: disassembleShader
  api=6 insize=11453 outsize=11453 ok=1
Cmd: disassembleShader
  api=1 insize=6898 outsize=6898 ok=1
Cmd: disassembleShader
  api=23 insize=6318 outsize=6318 ok=1
Cmd: disassembleShader
  api=6 insize=11570 outsize=11570 ok=1
Cmd: disassembleShader
  api=1 insize=7053 outsize=7053 ok=1
Cmd: disassembleShader
  api=23 insize=6318 outsize=6318 ok=1
Cmd: disassembleShader
  api=1 insize=4598 outsize=4598 ok=1
Cmd: disassembleShader
  api=1 insize=5033 outsize=5033 ok=1
Cmd: disassembleShader
  api=23 insize=5559 outsize=5559 ok=1
Cmd: disassembleShader
  api=6 insize=10702 outsize=10702 ok=1
Cmd: disassembleShader
  api=1 insize=5029 outsize=5029 ok=1
Cmd: disassembleShader
  api=23 insize=5792 outsize=5792 ok=1
Cmd: disassembleShader
  api=6 insize=11333 outsize=11333 ok=1
Cmd: disassembleShader
  api=1 insize=5029 outsize=5029 ok=1
Cmd: disassembleShader
  api=23 insize=5255 outsize=5255 ok=1
Cmd: disassembleShader
  api=6 insize=11252 outsize=11252 ok=1
Cmd: disassembleShader
  api=1 insize=4982 outsize=4982 ok=1
Cmd: disassembleShader
  api=23 insize=5827 outsize=5827 ok=1
Cmd: disassembleShader
  api=6 insize=10617 outsize=10617 ok=1
Cmd: disassembleShader
  api=1 insize=5788 outsize=5788 ok=1
Cmd: disassembleShader
  api=23 insize=5733 outsize=5733 ok=1
Cmd: disassembleShader
  api=6 insize=4944 outsize=4944 ok=1
Cmd: disassembleShader
  api=6 insize=6451 outsize=6451 ok=1
Cmd: disassembleShader
  api=1 insize=909 outsize=909 ok=1
Cmd: compileSnippet
  api=14 type=0 insize=530 outsize=2106 kw= pd=UNITY_ENABLE_REFLECTION_BUFFERS UNITY_PBS_USE_BRDF1 UNITY_SPECCUBE_BOX_PROJECTION UNITY_SPECCUBE_BLENDING SHADER_API_DESKTOP ok=1
Cmd: disassembleShader
  api=23 insize=2106 outsize=2106 ok=1
Cmd: disassembleShader
  api=6 insize=6032 outsize=6032 ok=1
Cmd: disassembleShader
  api=1 insize=3365 outsize=3365 ok=1
Cmd: disassembleShader
  api=6 insize=6559 outsize=6559 ok=1
Cmd: disassembleShader
  api=23 insize=2452 outsize=2452 ok=1
Cmd: disassembleShader
  api=6 insize=6305 outsize=6305 ok=1
Cmd: disassembleShader
  api=6 insize=8333 outsize=8333 ok=1
Cmd: disassembleShader
  api=1 insize=3949 outsize=3949 ok=1
Cmd: disassembleShader
  api=23 insize=5237 outsize=5237 ok=1
Cmd: disassembleShader
  api=6 insize=4303 outsize=4303 ok=1
Cmd: disassembleShader
  api=1 insize=3053 outsize=3053 ok=1
Cmd: disassembleShader
  api=6 insize=5951 outsize=5951 ok=1
Cmd: disassembleShader
  api=6 insize=5912 outsize=5912 ok=1
Cmd: compileSnippet
  api=15 type=0 insize=3083 outsize=7809 kw= pd=UNITY_ENABLE_REFLECTION_BUFFERS UNITY_PBS_USE_BRDF1 UNITY_SPECCUBE_BOX_PROJECTION UNITY_SPECCUBE_BLENDING SHADER_API_DESKTOP ok=1
Cmd: disassembleShader
  api=6 insize=7809 outsize=7809 ok=1
Cmd: disassembleShader
  api=1 insize=2167 outsize=2167 ok=1
Cmd: disassembleShader
  api=23 insize=3272 outsize=3272 ok=1
Cmd: disassembleShader
  api=6 insize=3898 outsize=3898 ok=1
Cmd: disassembleShader
  api=23 insize=2452 outsize=2452 ok=1
Cmd: disassembleShader
  api=6 insize=6305 outsize=6305 ok=1
